INFO	2025/01/18 00:21:37 Р—Р°РїСѓСЃРє СЃРµСЂРІРµСЂР° РЅР° :4000
РєР»СЋС‡РµРЅРёРё Рє Р±Р°Р·Рµ РґР°РЅРЅС‹С…: pq: пользователь "postgres" не прошёл проверку подлинности (по паролю)
ERROR	2025/01/17 23:21:53 main.go:93: pq: пользователь "postgres" не прошёл проверку подлинности (по паролю)
' (using password: YES)
lication).serverError(0xc000052d60, {0xf22a30, 0xc0000b8000}, {0xf20640?, 0xc000088150?})
	D:/СЂР°Р±РѕС‡РёР№ СЃС‚РѕР»/go/snippetbox/cmd/web/helpers.go:11 +0x58
main.(*application).home(0xb81806?, {0xf22a30?, 0xc0000b8000}, 0x26752c69728?)
	D:/СЂР°Р±РѕС‡РёР№ СЃС‚РѕР»/go/snippetbox/cmd/web/handlers.go:30 +0x14e
net/http.HandlerFunc.ServeHTTP(0xc00007b400?, {0xf22a30?, 0xc0000b8000?}, 0xb0de28?)
	D:/РџСЂРѕРіСЂР°РјРјРёСЂРѕРІР°РЅРёРµ GO/src/net/http/server.go:2122 +0x2f
net/http.(*ServeMux).ServeHTTP(0x0?, {0xf22a30, 0xc0000b8000}, 0xc000098000)
	D:/РџСЂРѕРіСЂР°РјРјРёСЂРѕРІР°РЅРёРµ GO/src/net/http/server.go:2500 +0x149
net/http.serverHandler.ServeHTTP({0xc000088030?}, {0xf22a30, 0xc0000b8000}, 0xc000098000)
	D:/РџСЂРѕРіСЂР°РјРјРёСЂРѕРІР°РЅРёРµ GO/src/net/http/server.go:2936 +0x316
net/http.(*conn).serve(0xc000154000, {0xf22c98, 0xc000079380})
	D:/РџСЂРѕРіСЂР°РјРјРёСЂРѕРІР°РЅРёРµ GO/src/net/http/server.go:1995 +0x612
created by net/http.(*Server).Serve
	D:/РџСЂРѕРіСЂР°РјРјРёСЂРѕРІР°РЅРёРµ GO/src/net/http/server.go:3089 +0x5ed
ERROR	2025/01/15 22:44:47 helpers.go:12: open ./ui/html/home.page.tmpl: The system cannot find the file specified.
goroutine 6 [running]:
runtime/debug.Stack()
	D:/РџСЂРѕРіСЂР°РјРјРёСЂРѕРІР°РЅРёРµ GO/src/runtime/debug/stack.go:24 +0x65
main.(*application).serverError(0xc000052d60, {0xc62a30, 0xc0000b81c0}, {0xc60640?, 0xc000088210?})
	D:/СЂР°Р±РѕС‡РёР№ СЃС‚РѕР»/go/snippetbox/cmd/web/helpers.go:11 +0x66
main.(*application).home(0x2e9750?, {0xc62a30?, 0xc0000b81c0}, 0x23ca82e9728?)
	D:/СЂР°Р±РѕС‡РёР№ СЃС‚РѕР»/go/snippetbox/cmd/web/handlers.go:30 +0x14e
net/http.HandlerFunc.ServeHTTP(0xc00007b400?, {0xc62a30?, 0xc0000b81c0?}, 0x84de28?)
	D:/РџСЂРѕРіСЂР°РјРјРёСЂРѕРІР°РЅРёРµ GO/src/net/http/server.go:2122 +0x2f
net/http.(*ServeMux).ServeHTTP(0x0?, {0xc62a30, 0xc0000b81c0}, 0xc000098100)
	D:/РџСЂРѕРіСЂР°РјРјРёСЂРѕРІР°РЅРёРµ GO/src/net/http/server.go:2500 +0x149
net/http.serverHandler.ServeHTTP({0xc000088030?}, {0xc62a30, 0xc0000b81c0}, 0xc000098100)
	D:/РџСЂРѕРіСЂР°РјРјРёСЂРѕРІР°РЅРёРµ GO/src/net/http/server.go:2936 +0x316
net/http.(*conn).serve(0xc000154000, {0xc62c98, 0xc000079380})
	D:/РџСЂРѕРіСЂР°РјРјРёСЂРѕРІР°РЅРёРµ GO/src/net/http/server.go:1995 +0x612
created by net/http.(*Server).Serve
	D:/РџСЂРѕРіСЂР°РјРјРёСЂРѕРІР°РЅРёРµ GO/src/net/http/server.go:3089 +0x5ed

